::1 - - [Thu, 18 Feb 2016 06:37:54 GMT] "GET / HTTP/1.1" 404 13 "-" "Mozilla/5.0 (Windows NT 6.1; WOW64) AppleWebKit/537.36 (KHTML, like Gecko) Chrome/48.0.2564.109 Safari/537.36"
::1 - - [Thu, 18 Feb 2016 06:37:54 GMT] "GET / HTTP/1.1" - - "-" "Mozilla/5.0 (Windows NT 6.1; WOW64) AppleWebKit/537.36 (KHTML, like Gecko) Chrome/48.0.2564.109 Safari/537.36"
::1 - - [Thu, 18 Feb 2016 06:39:22 GMT] "GET / HTTP/1.1" 200 730 "-" "Mozilla/5.0 (Windows NT 6.1; WOW64) AppleWebKit/537.36 (KHTML, like Gecko) Chrome/48.0.2564.109 Safari/537.36"
::1 - - [Thu, 18 Feb 2016 06:39:22 GMT] "GET /stylesheets/style.css HTTP/1.1" 200 1816 "http://localhost:3000/" "Mozilla/5.0 (Windows NT 6.1; WOW64) AppleWebKit/537.36 (KHTML, like Gecko) Chrome/48.0.2564.109 Safari/537.36"
::1 - - [Thu, 18 Feb 2016 06:39:24 GMT] "GET / HTTP/1.1" 304 - "http://localhost:3000/" "Mozilla/5.0 (Windows NT 6.1; WOW64) AppleWebKit/537.36 (KHTML, like Gecko) Chrome/48.0.2564.109 Safari/537.36"
::1 - - [Thu, 18 Feb 2016 06:39:24 GMT] "GET /stylesheets/style.css HTTP/1.1" 304 - "http://localhost:3000/" "Mozilla/5.0 (Windows NT 6.1; WOW64) AppleWebKit/537.36 (KHTML, like Gecko) Chrome/48.0.2564.109 Safari/537.36"
::1 - - [Thu, 18 Feb 2016 06:39:29 GMT] "GET / HTTP/1.1" 304 - "http://localhost:3000/" "Mozilla/5.0 (Windows NT 6.1; WOW64) AppleWebKit/537.36 (KHTML, like Gecko) Chrome/48.0.2564.109 Safari/537.36"
::1 - - [Thu, 18 Feb 2016 06:39:29 GMT] "GET /stylesheets/style.css HTTP/1.1" 304 - "http://localhost:3000/" "Mozilla/5.0 (Windows NT 6.1; WOW64) AppleWebKit/537.36 (KHTML, like Gecko) Chrome/48.0.2564.109 Safari/537.36"
::1 - - [Thu, 18 Feb 2016 06:39:34 GMT] "GET /reg HTTP/1.1" 200 1025 "http://localhost:3000/" "Mozilla/5.0 (Windows NT 6.1; WOW64) AppleWebKit/537.36 (KHTML, like Gecko) Chrome/48.0.2564.109 Safari/537.36"
::1 - - [Thu, 18 Feb 2016 06:39:34 GMT] "GET /stylesheets/style.css HTTP/1.1" 304 - "http://localhost:3000/reg" "Mozilla/5.0 (Windows NT 6.1; WOW64) AppleWebKit/537.36 (KHTML, like Gecko) Chrome/48.0.2564.109 Safari/537.36"
::1 - - [Thu, 18 Feb 2016 06:52:07 GMT] "POST /reg HTTP/1.1" 302 46 "http://localhost:3000/reg" "Mozilla/5.0 (Windows NT 6.1; WOW64) AppleWebKit/537.36 (KHTML, like Gecko) Chrome/48.0.2564.109 Safari/537.36"
::1 - - [Thu, 18 Feb 2016 06:52:07 GMT] "GET / HTTP/1.1" 200 816 "http://localhost:3000/reg" "Mozilla/5.0 (Windows NT 6.1; WOW64) AppleWebKit/537.36 (KHTML, like Gecko) Chrome/48.0.2564.109 Safari/537.36"
::1 - - [Thu, 18 Feb 2016 06:52:07 GMT] "GET /stylesheets/style.css HTTP/1.1" 304 - "http://localhost:3000/" "Mozilla/5.0 (Windows NT 6.1; WOW64) AppleWebKit/537.36 (KHTML, like Gecko) Chrome/48.0.2564.109 Safari/537.36"
::1 - - [Thu, 18 Feb 2016 06:53:27 GMT] "GET /post HTTP/1.1" 200 1098 "http://localhost:3000/" "Mozilla/5.0 (Windows NT 6.1; WOW64) AppleWebKit/537.36 (KHTML, like Gecko) Chrome/48.0.2564.109 Safari/537.36"
::1 - - [Thu, 18 Feb 2016 06:53:27 GMT] "GET /stylesheets/style.css HTTP/1.1" 304 - "http://localhost:3000/post" "Mozilla/5.0 (Windows NT 6.1; WOW64) AppleWebKit/537.36 (KHTML, like Gecko) Chrome/48.0.2564.109 Safari/537.36"
::1 - - [Thu, 18 Feb 2016 06:59:15 GMT] "POST /post HTTP/1.1" 302 46 "http://localhost:3000/post" "Mozilla/5.0 (Windows NT 6.1; WOW64) AppleWebKit/537.36 (KHTML, like Gecko) Chrome/48.0.2564.109 Safari/537.36"
::1 - - [Thu, 18 Feb 2016 06:59:15 GMT] "GET / HTTP/1.1" 200 2284 "http://localhost:3000/post" "Mozilla/5.0 (Windows NT 6.1; WOW64) AppleWebKit/537.36 (KHTML, like Gecko) Chrome/48.0.2564.109 Safari/537.36"
::1 - - [Thu, 18 Feb 2016 06:59:15 GMT] "GET /stylesheets/style.css HTTP/1.1" 304 - "http://localhost:3000/" "Mozilla/5.0 (Windows NT 6.1; WOW64) AppleWebKit/537.36 (KHTML, like Gecko) Chrome/48.0.2564.109 Safari/537.36"
::1 - - [Thu, 18 Feb 2016 07:23:15 GMT] "GET /u/zhangsan HTTP/1.1" 200 2268 "http://localhost:3000/" "Mozilla/5.0 (Windows NT 6.1; WOW64) AppleWebKit/537.36 (KHTML, like Gecko) Chrome/48.0.2564.109 Safari/537.36"
::1 - - [Thu, 18 Feb 2016 07:23:15 GMT] "GET /stylesheets/style.css HTTP/1.1" 304 - "http://localhost:3000/u/zhangsan" "Mozilla/5.0 (Windows NT 6.1; WOW64) AppleWebKit/537.36 (KHTML, like Gecko) Chrome/48.0.2564.109 Safari/537.36"
::1 - - [Thu, 18 Feb 2016 07:23:58 GMT] "GET /upload HTTP/1.1" 200 1069 "http://localhost:3000/u/zhangsan" "Mozilla/5.0 (Windows NT 6.1; WOW64) AppleWebKit/537.36 (KHTML, like Gecko) Chrome/48.0.2564.109 Safari/537.36"
::1 - - [Thu, 18 Feb 2016 07:23:58 GMT] "GET /stylesheets/style.css HTTP/1.1" 304 - "http://localhost:3000/upload" "Mozilla/5.0 (Windows NT 6.1; WOW64) AppleWebKit/537.36 (KHTML, like Gecko) Chrome/48.0.2564.109 Safari/537.36"
::1 - - [Thu, 18 Feb 2016 07:24:10 GMT] "POST /upload HTTP/1.1" 302 58 "http://localhost:3000/upload" "Mozilla/5.0 (Windows NT 6.1; WOW64) AppleWebKit/537.36 (KHTML, like Gecko) Chrome/48.0.2564.109 Safari/537.36"
::1 - - [Thu, 18 Feb 2016 07:24:10 GMT] "GET /upload HTTP/1.1" 200 1103 "http://localhost:3000/upload" "Mozilla/5.0 (Windows NT 6.1; WOW64) AppleWebKit/537.36 (KHTML, like Gecko) Chrome/48.0.2564.109 Safari/537.36"
::1 - - [Thu, 18 Feb 2016 07:24:10 GMT] "GET /stylesheets/style.css HTTP/1.1" 304 - "http://localhost:3000/upload" "Mozilla/5.0 (Windows NT 6.1; WOW64) AppleWebKit/537.36 (KHTML, like Gecko) Chrome/48.0.2564.109 Safari/537.36"
::1 - - [Thu, 18 Feb 2016 07:24:12 GMT] "GET / HTTP/1.1" 200 2256 "http://localhost:3000/upload" "Mozilla/5.0 (Windows NT 6.1; WOW64) AppleWebKit/537.36 (KHTML, like Gecko) Chrome/48.0.2564.109 Safari/537.36"
::1 - - [Thu, 18 Feb 2016 07:24:12 GMT] "GET /stylesheets/style.css HTTP/1.1" 304 - "http://localhost:3000/" "Mozilla/5.0 (Windows NT 6.1; WOW64) AppleWebKit/537.36 (KHTML, like Gecko) Chrome/48.0.2564.109 Safari/537.36"
::1 - - [Thu, 18 Feb 2016 07:24:15 GMT] "GET /archive HTTP/1.1" 200 924 "http://localhost:3000/" "Mozilla/5.0 (Windows NT 6.1; WOW64) AppleWebKit/537.36 (KHTML, like Gecko) Chrome/48.0.2564.109 Safari/537.36"
::1 - - [Thu, 18 Feb 2016 07:24:15 GMT] "GET /stylesheets/style.css HTTP/1.1" 304 - "http://localhost:3000/archive" "Mozilla/5.0 (Windows NT 6.1; WOW64) AppleWebKit/537.36 (KHTML, like Gecko) Chrome/48.0.2564.109 Safari/537.36"
::1 - - [Thu, 18 Feb 2016 07:24:16 GMT] "GET /tags HTTP/1.1" 200 862 "http://localhost:3000/archive" "Mozilla/5.0 (Windows NT 6.1; WOW64) AppleWebKit/537.36 (KHTML, like Gecko) Chrome/48.0.2564.109 Safari/537.36"
::1 - - [Thu, 18 Feb 2016 07:24:16 GMT] "GET /stylesheets/style.css HTTP/1.1" 304 - "http://localhost:3000/tags" "Mozilla/5.0 (Windows NT 6.1; WOW64) AppleWebKit/537.36 (KHTML, like Gecko) Chrome/48.0.2564.109 Safari/537.36"
::1 - - [Thu, 18 Feb 2016 07:24:17 GMT] "GET /links HTTP/1.1" 200 1104 "http://localhost:3000/tags" "Mozilla/5.0 (Windows NT 6.1; WOW64) AppleWebKit/537.36 (KHTML, like Gecko) Chrome/48.0.2564.109 Safari/537.36"
::1 - - [Thu, 18 Feb 2016 07:24:17 GMT] "GET /stylesheets/style.css HTTP/1.1" 304 - "http://localhost:3000/links" "Mozilla/5.0 (Windows NT 6.1; WOW64) AppleWebKit/537.36 (KHTML, like Gecko) Chrome/48.0.2564.109 Safari/537.36"
::1 - - [Thu, 18 Feb 2016 07:24:18 GMT] "GET /upload HTTP/1.1" 200 1069 "http://localhost:3000/links" "Mozilla/5.0 (Windows NT 6.1; WOW64) AppleWebKit/537.36 (KHTML, like Gecko) Chrome/48.0.2564.109 Safari/537.36"
::1 - - [Thu, 18 Feb 2016 07:24:19 GMT] "GET /stylesheets/style.css HTTP/1.1" 304 - "http://localhost:3000/upload" "Mozilla/5.0 (Windows NT 6.1; WOW64) AppleWebKit/537.36 (KHTML, like Gecko) Chrome/48.0.2564.109 Safari/537.36"
::1 - - [Thu, 18 Feb 2016 07:24:21 GMT] "GET /post HTTP/1.1" 200 1098 "http://localhost:3000/upload" "Mozilla/5.0 (Windows NT 6.1; WOW64) AppleWebKit/537.36 (KHTML, like Gecko) Chrome/48.0.2564.109 Safari/537.36"
::1 - - [Thu, 18 Feb 2016 07:24:21 GMT] "GET /stylesheets/style.css HTTP/1.1" 304 - "http://localhost:3000/post" "Mozilla/5.0 (Windows NT 6.1; WOW64) AppleWebKit/537.36 (KHTML, like Gecko) Chrome/48.0.2564.109 Safari/537.36"
::1 - - [Thu, 18 Feb 2016 07:24:22 GMT] "GET /logout HTTP/1.1" 302 46 "http://localhost:3000/post" "Mozilla/5.0 (Windows NT 6.1; WOW64) AppleWebKit/537.36 (KHTML, like Gecko) Chrome/48.0.2564.109 Safari/537.36"
::1 - - [Thu, 18 Feb 2016 07:24:22 GMT] "GET / HTTP/1.1" 200 2226 "http://localhost:3000/post" "Mozilla/5.0 (Windows NT 6.1; WOW64) AppleWebKit/537.36 (KHTML, like Gecko) Chrome/48.0.2564.109 Safari/537.36"
::1 - - [Thu, 18 Feb 2016 07:24:22 GMT] "GET /stylesheets/style.css HTTP/1.1" 304 - "http://localhost:3000/" "Mozilla/5.0 (Windows NT 6.1; WOW64) AppleWebKit/537.36 (KHTML, like Gecko) Chrome/48.0.2564.109 Safari/537.36"
::1 - - [Thu, 18 Feb 2016 07:24:27 GMT] "GET / HTTP/1.1" 200 2198 "http://localhost:3000/" "Mozilla/5.0 (Windows NT 6.1; WOW64) AppleWebKit/537.36 (KHTML, like Gecko) Chrome/48.0.2564.109 Safari/537.36"
::1 - - [Thu, 18 Feb 2016 07:24:27 GMT] "GET /stylesheets/style.css HTTP/1.1" 304 - "http://localhost:3000/" "Mozilla/5.0 (Windows NT 6.1; WOW64) AppleWebKit/537.36 (KHTML, like Gecko) Chrome/48.0.2564.109 Safari/537.36"
::1 - - [Thu, 18 Feb 2016 07:24:28 GMT] "GET /archive HTTP/1.1" 200 866 "http://localhost:3000/" "Mozilla/5.0 (Windows NT 6.1; WOW64) AppleWebKit/537.36 (KHTML, like Gecko) Chrome/48.0.2564.109 Safari/537.36"
::1 - - [Thu, 18 Feb 2016 07:24:28 GMT] "GET /stylesheets/style.css HTTP/1.1" 304 - "http://localhost:3000/archive" "Mozilla/5.0 (Windows NT 6.1; WOW64) AppleWebKit/537.36 (KHTML, like Gecko) Chrome/48.0.2564.109 Safari/537.36"
::1 - - [Thu, 18 Feb 2016 07:24:29 GMT] "GET /tags HTTP/1.1" 200 804 "http://localhost:3000/archive" "Mozilla/5.0 (Windows NT 6.1; WOW64) AppleWebKit/537.36 (KHTML, like Gecko) Chrome/48.0.2564.109 Safari/537.36"
::1 - - [Thu, 18 Feb 2016 07:24:29 GMT] "GET /stylesheets/style.css HTTP/1.1" 304 - "http://localhost:3000/tags" "Mozilla/5.0 (Windows NT 6.1; WOW64) AppleWebKit/537.36 (KHTML, like Gecko) Chrome/48.0.2564.109 Safari/537.36"
::1 - - [Thu, 18 Feb 2016 07:24:30 GMT] "GET /links HTTP/1.1" 200 1046 "http://localhost:3000/tags" "Mozilla/5.0 (Windows NT 6.1; WOW64) AppleWebKit/537.36 (KHTML, like Gecko) Chrome/48.0.2564.109 Safari/537.36"
::1 - - [Thu, 18 Feb 2016 07:24:30 GMT] "GET /stylesheets/style.css HTTP/1.1" 304 - "http://localhost:3000/links" "Mozilla/5.0 (Windows NT 6.1; WOW64) AppleWebKit/537.36 (KHTML, like Gecko) Chrome/48.0.2564.109 Safari/537.36"
::1 - - [Thu, 18 Feb 2016 07:24:30 GMT] "GET /login HTTP/1.1" 200 892 "http://localhost:3000/links" "Mozilla/5.0 (Windows NT 6.1; WOW64) AppleWebKit/537.36 (KHTML, like Gecko) Chrome/48.0.2564.109 Safari/537.36"
::1 - - [Thu, 18 Feb 2016 07:24:30 GMT] "GET /stylesheets/style.css HTTP/1.1" 304 - "http://localhost:3000/login" "Mozilla/5.0 (Windows NT 6.1; WOW64) AppleWebKit/537.36 (KHTML, like Gecko) Chrome/48.0.2564.109 Safari/537.36"
::1 - - [Thu, 18 Feb 2016 07:24:31 GMT] "GET /reg HTTP/1.1" 200 1025 "http://localhost:3000/login" "Mozilla/5.0 (Windows NT 6.1; WOW64) AppleWebKit/537.36 (KHTML, like Gecko) Chrome/48.0.2564.109 Safari/537.36"
::1 - - [Thu, 18 Feb 2016 07:24:31 GMT] "GET /stylesheets/style.css HTTP/1.1" 304 - "http://localhost:3000/reg" "Mozilla/5.0 (Windows NT 6.1; WOW64) AppleWebKit/537.36 (KHTML, like Gecko) Chrome/48.0.2564.109 Safari/537.36"
::1 - - [Thu, 18 Feb 2016 07:24:32 GMT] "GET /login HTTP/1.1" 304 - "http://localhost:3000/reg" "Mozilla/5.0 (Windows NT 6.1; WOW64) AppleWebKit/537.36 (KHTML, like Gecko) Chrome/48.0.2564.109 Safari/537.36"
::1 - - [Thu, 18 Feb 2016 07:24:32 GMT] "GET /stylesheets/style.css HTTP/1.1" 304 - "http://localhost:3000/login" "Mozilla/5.0 (Windows NT 6.1; WOW64) AppleWebKit/537.36 (KHTML, like Gecko) Chrome/48.0.2564.109 Safari/537.36"
::1 - - [Thu, 18 Feb 2016 07:25:58 GMT] "GET /login HTTP/1.1" 304 - "http://localhost:3000/login" "Mozilla/5.0 (Windows NT 6.1; WOW64) AppleWebKit/537.36 (KHTML, like Gecko) Chrome/48.0.2564.109 Safari/537.36"
::1 - - [Thu, 18 Feb 2016 07:25:58 GMT] "GET /stylesheets/style.css HTTP/1.1" 304 - "http://localhost:3000/login" "Mozilla/5.0 (Windows NT 6.1; WOW64) AppleWebKit/537.36 (KHTML, like Gecko) Chrome/48.0.2564.109 Safari/537.36"
::1 - - [Thu, 18 Feb 2016 07:26:06 GMT] "POST /login HTTP/1.1" 302 46 "http://localhost:3000/login" "Mozilla/5.0 (Windows NT 6.1; WOW64) AppleWebKit/537.36 (KHTML, like Gecko) Chrome/48.0.2564.109 Safari/537.36"
::1 - - [Thu, 18 Feb 2016 07:26:06 GMT] "GET / HTTP/1.1" 200 2284 "http://localhost:3000/login" "Mozilla/5.0 (Windows NT 6.1; WOW64) AppleWebKit/537.36 (KHTML, like Gecko) Chrome/48.0.2564.109 Safari/537.36"
::1 - - [Thu, 18 Feb 2016 07:26:06 GMT] "GET /stylesheets/style.css HTTP/1.1" 304 - "http://localhost:3000/" "Mozilla/5.0 (Windows NT 6.1; WOW64) AppleWebKit/537.36 (KHTML, like Gecko) Chrome/48.0.2564.109 Safari/537.36"
::1 - - [Thu, 18 Feb 2016 07:26:11 GMT] "GET / HTTP/1.1" 200 2256 "http://localhost:3000/" "Mozilla/5.0 (Windows NT 6.1; WOW64) AppleWebKit/537.36 (KHTML, like Gecko) Chrome/48.0.2564.109 Safari/537.36"
::1 - - [Thu, 18 Feb 2016 07:26:11 GMT] "GET /stylesheets/style.css HTTP/1.1" 304 - "http://localhost:3000/" "Mozilla/5.0 (Windows NT 6.1; WOW64) AppleWebKit/537.36 (KHTML, like Gecko) Chrome/48.0.2564.109 Safari/537.36"
::1 - - [Thu, 18 Feb 2016 07:26:15 GMT] "GET /upload HTTP/1.1" 304 - "http://localhost:3000/" "Mozilla/5.0 (Windows NT 6.1; WOW64) AppleWebKit/537.36 (KHTML, like Gecko) Chrome/48.0.2564.109 Safari/537.36"
::1 - - [Thu, 18 Feb 2016 07:26:15 GMT] "GET /stylesheets/style.css HTTP/1.1" 304 - "http://localhost:3000/upload" "Mozilla/5.0 (Windows NT 6.1; WOW64) AppleWebKit/537.36 (KHTML, like Gecko) Chrome/48.0.2564.109 Safari/537.36"
::1 - - [Thu, 18 Feb 2016 07:29:40 GMT] "GET /archive HTTP/1.1" 200 924 "http://localhost:3000/upload" "Mozilla/5.0 (Windows NT 6.1; WOW64) AppleWebKit/537.36 (KHTML, like Gecko) Chrome/48.0.2564.109 Safari/537.36"
::1 - - [Thu, 18 Feb 2016 07:29:40 GMT] "GET /stylesheets/style.css HTTP/1.1" 304 - "http://localhost:3000/archive" "Mozilla/5.0 (Windows NT 6.1; WOW64) AppleWebKit/537.36 (KHTML, like Gecko) Chrome/48.0.2564.109 Safari/537.36"
::1 - - [Thu, 18 Feb 2016 07:29:45 GMT] "GET /post HTTP/1.1" 304 - "http://localhost:3000/archive" "Mozilla/5.0 (Windows NT 6.1; WOW64) AppleWebKit/537.36 (KHTML, like Gecko) Chrome/48.0.2564.109 Safari/537.36"
::1 - - [Thu, 18 Feb 2016 07:29:45 GMT] "GET /stylesheets/style.css HTTP/1.1" 304 - "http://localhost:3000/post" "Mozilla/5.0 (Windows NT 6.1; WOW64) AppleWebKit/537.36 (KHTML, like Gecko) Chrome/48.0.2564.109 Safari/537.36"
::1 - - [Thu, 18 Feb 2016 07:31:59 GMT] "GET /post HTTP/1.1" 304 - "-" "Mozilla/5.0 (Windows NT 6.1; WOW64) AppleWebKit/537.36 (KHTML, like Gecko) Chrome/48.0.2564.109 Safari/537.36"
::1 - - [Thu, 18 Feb 2016 07:31:59 GMT] "GET /stylesheets/style.css HTTP/1.1" 304 - "http://localhost:3000/post" "Mozilla/5.0 (Windows NT 6.1; WOW64) AppleWebKit/537.36 (KHTML, like Gecko) Chrome/48.0.2564.109 Safari/537.36"
::1 - - [Thu, 18 Feb 2016 07:32:03 GMT] "GET /post HTTP/1.1" 304 - "-" "Mozilla/5.0 (Windows NT 6.1; WOW64) AppleWebKit/537.36 (KHTML, like Gecko) Chrome/48.0.2564.109 Safari/537.36"
::1 - - [Thu, 18 Feb 2016 07:32:03 GMT] "GET /stylesheets/style.css HTTP/1.1" 304 - "http://localhost:3000/post" "Mozilla/5.0 (Windows NT 6.1; WOW64) AppleWebKit/537.36 (KHTML, like Gecko) Chrome/48.0.2564.109 Safari/537.36"
::1 - - [Thu, 18 Feb 2016 07:33:38 GMT] "GET /search?keyword=%E6%B5%B7%E8%B4%BC%E7%8E%8B HTTP/1.1" 200 938 "http://localhost:3000/post" "Mozilla/5.0 (Windows NT 6.1; WOW64) AppleWebKit/537.36 (KHTML, like Gecko) Chrome/48.0.2564.109 Safari/537.36"
::1 - - [Thu, 18 Feb 2016 07:33:38 GMT] "GET /stylesheets/style.css HTTP/1.1" 304 - "http://localhost:3000/search?keyword=%E6%B5%B7%E8%B4%BC%E7%8E%8B" "Mozilla/5.0 (Windows NT 6.1; WOW64) AppleWebKit/537.36 (KHTML, like Gecko) Chrome/48.0.2564.109 Safari/537.36"
::1 - - [Thu, 18 Feb 2016 07:33:41 GMT] "GET /u/zhangsan/2016-2-18/%E6%B5%B7%E8%B4%BC%E7%8E%8B HTTP/1.1" 200 2551 "http://localhost:3000/search?keyword=%E6%B5%B7%E8%B4%BC%E7%8E%8B" "Mozilla/5.0 (Windows NT 6.1; WOW64) AppleWebKit/537.36 (KHTML, like Gecko) Chrome/48.0.2564.109 Safari/537.36"
::1 - - [Thu, 18 Feb 2016 07:33:41 GMT] "GET /stylesheets/style.css HTTP/1.1" 304 - "http://localhost:3000/u/zhangsan/2016-2-18/%E6%B5%B7%E8%B4%BC%E7%8E%8B" "Mozilla/5.0 (Windows NT 6.1; WOW64) AppleWebKit/537.36 (KHTML, like Gecko) Chrome/48.0.2564.109 Safari/537.36"
::1 - - [Thu, 18 Feb 2016 07:33:52 GMT] "GET /edit/zhangsan/2016-2-18/%E6%B5%B7%E8%B4%BC%E7%8E%8B HTTP/1.1" 200 2166 "http://localhost:3000/u/zhangsan/2016-2-18/%E6%B5%B7%E8%B4%BC%E7%8E%8B" "Mozilla/5.0 (Windows NT 6.1; WOW64) AppleWebKit/537.36 (KHTML, like Gecko) Chrome/48.0.2564.109 Safari/537.36"
::1 - - [Thu, 18 Feb 2016 07:33:52 GMT] "GET /stylesheets/style.css HTTP/1.1" 304 - "http://localhost:3000/edit/zhangsan/2016-2-18/%E6%B5%B7%E8%B4%BC%E7%8E%8B" "Mozilla/5.0 (Windows NT 6.1; WOW64) AppleWebKit/537.36 (KHTML, like Gecko) Chrome/48.0.2564.109 Safari/537.36"
::1 - - [Thu, 18 Feb 2016 07:34:42 GMT] "GET /upload HTTP/1.1" 304 - "http://localhost:3000/edit/zhangsan/2016-2-18/%E6%B5%B7%E8%B4%BC%E7%8E%8B" "Mozilla/5.0 (Windows NT 6.1; WOW64) AppleWebKit/537.36 (KHTML, like Gecko) Chrome/48.0.2564.109 Safari/537.36"
::1 - - [Thu, 18 Feb 2016 07:34:42 GMT] "GET /stylesheets/style.css HTTP/1.1" 304 - "http://localhost:3000/upload" "Mozilla/5.0 (Windows NT 6.1; WOW64) AppleWebKit/537.36 (KHTML, like Gecko) Chrome/48.0.2564.109 Safari/537.36"
::1 - - [Thu, 18 Feb 2016 07:35:00 GMT] "POST /upload HTTP/1.1" 302 58 "http://localhost:3000/upload" "Mozilla/5.0 (Windows NT 6.1; WOW64) AppleWebKit/537.36 (KHTML, like Gecko) Chrome/48.0.2564.109 Safari/537.36"
::1 - - [Thu, 18 Feb 2016 07:35:00 GMT] "GET /upload HTTP/1.1" 200 1103 "http://localhost:3000/upload" "Mozilla/5.0 (Windows NT 6.1; WOW64) AppleWebKit/537.36 (KHTML, like Gecko) Chrome/48.0.2564.109 Safari/537.36"
::1 - - [Thu, 18 Feb 2016 07:35:00 GMT] "GET /stylesheets/style.css HTTP/1.1" 304 - "http://localhost:3000/upload" "Mozilla/5.0 (Windows NT 6.1; WOW64) AppleWebKit/537.36 (KHTML, like Gecko) Chrome/48.0.2564.109 Safari/537.36"
::1 - - [Thu, 18 Feb 2016 07:35:02 GMT] "GET /post HTTP/1.1" 304 - "http://localhost:3000/upload" "Mozilla/5.0 (Windows NT 6.1; WOW64) AppleWebKit/537.36 (KHTML, like Gecko) Chrome/48.0.2564.109 Safari/537.36"
::1 - - [Thu, 18 Feb 2016 07:35:02 GMT] "GET /stylesheets/style.css HTTP/1.1" 304 - "http://localhost:3000/post" "Mozilla/5.0 (Windows NT 6.1; WOW64) AppleWebKit/537.36 (KHTML, like Gecko) Chrome/48.0.2564.109 Safari/537.36"
::1 - - [Thu, 18 Feb 2016 07:35:04 GMT] "GET / HTTP/1.1" 200 2256 "http://localhost:3000/post" "Mozilla/5.0 (Windows NT 6.1; WOW64) AppleWebKit/537.36 (KHTML, like Gecko) Chrome/48.0.2564.109 Safari/537.36"
::1 - - [Thu, 18 Feb 2016 07:35:04 GMT] "GET /stylesheets/style.css HTTP/1.1" 304 - "http://localhost:3000/" "Mozilla/5.0 (Windows NT 6.1; WOW64) AppleWebKit/537.36 (KHTML, like Gecko) Chrome/48.0.2564.109 Safari/537.36"
::1 - - [Thu, 18 Feb 2016 07:35:07 GMT] "GET /u/zhangsan HTTP/1.1" 200 2268 "http://localhost:3000/" "Mozilla/5.0 (Windows NT 6.1; WOW64) AppleWebKit/537.36 (KHTML, like Gecko) Chrome/48.0.2564.109 Safari/537.36"
::1 - - [Thu, 18 Feb 2016 07:35:07 GMT] "GET /stylesheets/style.css HTTP/1.1" 304 - "http://localhost:3000/u/zhangsan" "Mozilla/5.0 (Windows NT 6.1; WOW64) AppleWebKit/537.36 (KHTML, like Gecko) Chrome/48.0.2564.109 Safari/537.36"
::1 - - [Thu, 18 Feb 2016 07:35:12 GMT] "GET /upload HTTP/1.1" 200 1069 "http://localhost:3000/u/zhangsan" "Mozilla/5.0 (Windows NT 6.1; WOW64) AppleWebKit/537.36 (KHTML, like Gecko) Chrome/48.0.2564.109 Safari/537.36"
::1 - - [Thu, 18 Feb 2016 07:35:12 GMT] "GET /stylesheets/style.css HTTP/1.1" 304 - "http://localhost:3000/upload" "Mozilla/5.0 (Windows NT 6.1; WOW64) AppleWebKit/537.36 (KHTML, like Gecko) Chrome/48.0.2564.109 Safari/537.36"
::1 - - [Thu, 18 Feb 2016 07:36:39 GMT] "GET /logout HTTP/1.1" 302 46 "http://localhost:3000/upload" "Mozilla/5.0 (Windows NT 6.1; WOW64) AppleWebKit/537.36 (KHTML, like Gecko) Chrome/48.0.2564.109 Safari/537.36"
::1 - - [Thu, 18 Feb 2016 07:36:39 GMT] "GET / HTTP/1.1" 200 2226 "http://localhost:3000/upload" "Mozilla/5.0 (Windows NT 6.1; WOW64) AppleWebKit/537.36 (KHTML, like Gecko) Chrome/48.0.2564.109 Safari/537.36"
::1 - - [Thu, 18 Feb 2016 07:36:39 GMT] "GET /stylesheets/style.css HTTP/1.1" 304 - "http://localhost:3000/" "Mozilla/5.0 (Windows NT 6.1; WOW64) AppleWebKit/537.36 (KHTML, like Gecko) Chrome/48.0.2564.109 Safari/537.36"
::1 - - [Thu, 18 Feb 2016 07:36:44 GMT] "GET /login HTTP/1.1" 200 892 "http://localhost:3000/" "Mozilla/5.0 (Windows NT 6.1; WOW64) AppleWebKit/537.36 (KHTML, like Gecko) Chrome/48.0.2564.109 Safari/537.36"
::1 - - [Thu, 18 Feb 2016 07:36:44 GMT] "GET /stylesheets/style.css HTTP/1.1" 304 - "http://localhost:3000/login" "Mozilla/5.0 (Windows NT 6.1; WOW64) AppleWebKit/537.36 (KHTML, like Gecko) Chrome/48.0.2564.109 Safari/537.36"
::1 - - [Thu, 18 Feb 2016 07:36:54 GMT] "POST /login HTTP/1.1" 302 46 "http://localhost:3000/login" "Mozilla/5.0 (Windows NT 6.1; WOW64) AppleWebKit/537.36 (KHTML, like Gecko) Chrome/48.0.2564.109 Safari/537.36"
::1 - - [Thu, 18 Feb 2016 07:36:54 GMT] "GET / HTTP/1.1" 200 2284 "http://localhost:3000/login" "Mozilla/5.0 (Windows NT 6.1; WOW64) AppleWebKit/537.36 (KHTML, like Gecko) Chrome/48.0.2564.109 Safari/537.36"
::1 - - [Thu, 18 Feb 2016 07:36:54 GMT] "GET /stylesheets/style.css HTTP/1.1" 304 - "http://localhost:3000/" "Mozilla/5.0 (Windows NT 6.1; WOW64) AppleWebKit/537.36 (KHTML, like Gecko) Chrome/48.0.2564.109 Safari/537.36"
::1 - - [Thu, 18 Feb 2016 07:36:57 GMT] "GET /post HTTP/1.1" 304 - "http://localhost:3000/" "Mozilla/5.0 (Windows NT 6.1; WOW64) AppleWebKit/537.36 (KHTML, like Gecko) Chrome/48.0.2564.109 Safari/537.36"
::1 - - [Thu, 18 Feb 2016 07:36:57 GMT] "GET /stylesheets/style.css HTTP/1.1" 304 - "http://localhost:3000/post" "Mozilla/5.0 (Windows NT 6.1; WOW64) AppleWebKit/537.36 (KHTML, like Gecko) Chrome/48.0.2564.109 Safari/537.36"
::1 - - [Thu, 18 Feb 2016 07:39:25 GMT] "GET /upload HTTP/1.1" 304 - "http://localhost:3000/post" "Mozilla/5.0 (Windows NT 6.1; WOW64) AppleWebKit/537.36 (KHTML, like Gecko) Chrome/48.0.2564.109 Safari/537.36"
::1 - - [Thu, 18 Feb 2016 07:39:25 GMT] "GET /stylesheets/style.css HTTP/1.1" 304 - "http://localhost:3000/upload" "Mozilla/5.0 (Windows NT 6.1; WOW64) AppleWebKit/537.36 (KHTML, like Gecko) Chrome/48.0.2564.109 Safari/537.36"
::1 - - [Thu, 18 Feb 2016 07:39:44 GMT] "GET /post HTTP/1.1" 304 - "http://localhost:3000/upload" "Mozilla/5.0 (Windows NT 6.1; WOW64) AppleWebKit/537.36 (KHTML, like Gecko) Chrome/48.0.2564.109 Safari/537.36"
::1 - - [Thu, 18 Feb 2016 07:39:44 GMT] "GET /stylesheets/style.css HTTP/1.1" 304 - "http://localhost:3000/post" "Mozilla/5.0 (Windows NT 6.1; WOW64) AppleWebKit/537.36 (KHTML, like Gecko) Chrome/48.0.2564.109 Safari/537.36"
::1 - - [Thu, 18 Feb 2016 07:40:16 GMT] "GET /upload HTTP/1.1" 304 - "http://localhost:3000/post" "Mozilla/5.0 (Windows NT 6.1; WOW64) AppleWebKit/537.36 (KHTML, like Gecko) Chrome/48.0.2564.109 Safari/537.36"
::1 - - [Thu, 18 Feb 2016 07:40:16 GMT] "GET /stylesheets/style.css HTTP/1.1" 304 - "http://localhost:3000/upload" "Mozilla/5.0 (Windows NT 6.1; WOW64) AppleWebKit/537.36 (KHTML, like Gecko) Chrome/48.0.2564.109 Safari/537.36"
::1 - - [Thu, 18 Feb 2016 07:40:36 GMT] "POST /upload HTTP/1.1" 302 58 "http://localhost:3000/upload" "Mozilla/5.0 (Windows NT 6.1; WOW64) AppleWebKit/537.36 (KHTML, like Gecko) Chrome/48.0.2564.109 Safari/537.36"
::1 - - [Thu, 18 Feb 2016 07:40:36 GMT] "GET /upload HTTP/1.1" 200 1103 "http://localhost:3000/upload" "Mozilla/5.0 (Windows NT 6.1; WOW64) AppleWebKit/537.36 (KHTML, like Gecko) Chrome/48.0.2564.109 Safari/537.36"
::1 - - [Thu, 18 Feb 2016 07:40:36 GMT] "GET /stylesheets/style.css HTTP/1.1" 304 - "http://localhost:3000/upload" "Mozilla/5.0 (Windows NT 6.1; WOW64) AppleWebKit/537.36 (KHTML, like Gecko) Chrome/48.0.2564.109 Safari/537.36"
::1 - - [Thu, 18 Feb 2016 07:40:52 GMT] "GET /post HTTP/1.1" 304 - "http://localhost:3000/upload" "Mozilla/5.0 (Windows NT 6.1; WOW64) AppleWebKit/537.36 (KHTML, like Gecko) Chrome/48.0.2564.109 Safari/537.36"
::1 - - [Thu, 18 Feb 2016 07:40:52 GMT] "GET /stylesheets/style.css HTTP/1.1" 304 - "http://localhost:3000/post" "Mozilla/5.0 (Windows NT 6.1; WOW64) AppleWebKit/537.36 (KHTML, like Gecko) Chrome/48.0.2564.109 Safari/537.36"
::1 - - [Thu, 18 Feb 2016 07:42:12 GMT] "POST /post HTTP/1.1" 302 46 "http://localhost:3000/post" "Mozilla/5.0 (Windows NT 6.1; WOW64) AppleWebKit/537.36 (KHTML, like Gecko) Chrome/48.0.2564.109 Safari/537.36"
::1 - - [Thu, 18 Feb 2016 07:42:12 GMT] "GET / HTTP/1.1" 200 3619 "http://localhost:3000/post" "Mozilla/5.0 (Windows NT 6.1; WOW64) AppleWebKit/537.36 (KHTML, like Gecko) Chrome/48.0.2564.109 Safari/537.36"
::1 - - [Thu, 18 Feb 2016 07:42:12 GMT] "GET /stylesheets/style.css HTTP/1.1" 304 - "http://localhost:3000/" "Mozilla/5.0 (Windows NT 6.1; WOW64) AppleWebKit/537.36 (KHTML, like Gecko) Chrome/48.0.2564.109 Safari/537.36"
::1 - - [Thu, 18 Feb 2016 07:42:12 GMT] "GET /images/kuiba.jpg HTTP/1.1" 200 12188 "http://localhost:3000/" "Mozilla/5.0 (Windows NT 6.1; WOW64) AppleWebKit/537.36 (KHTML, like Gecko) Chrome/48.0.2564.109 Safari/537.36"
::1 - - [Thu, 18 Feb 2016 07:42:25 GMT] "GET /tags HTTP/1.1" 200 911 "http://localhost:3000/" "Mozilla/5.0 (Windows NT 6.1; WOW64) AppleWebKit/537.36 (KHTML, like Gecko) Chrome/48.0.2564.109 Safari/537.36"
::1 - - [Thu, 18 Feb 2016 07:42:25 GMT] "GET /stylesheets/style.css HTTP/1.1" 304 - "http://localhost:3000/tags" "Mozilla/5.0 (Windows NT 6.1; WOW64) AppleWebKit/537.36 (KHTML, like Gecko) Chrome/48.0.2564.109 Safari/537.36"
::1 - - [Thu, 18 Feb 2016 07:42:26 GMT] "GET /tags/%E6%B5%B7%E8%B4%BC%E7%8E%8B HTTP/1.1" 200 935 "http://localhost:3000/tags" "Mozilla/5.0 (Windows NT 6.1; WOW64) AppleWebKit/537.36 (KHTML, like Gecko) Chrome/48.0.2564.109 Safari/537.36"
::1 - - [Thu, 18 Feb 2016 07:42:26 GMT] "GET /stylesheets/style.css HTTP/1.1" 304 - "http://localhost:3000/tags/%E6%B5%B7%E8%B4%BC%E7%8E%8B" "Mozilla/5.0 (Windows NT 6.1; WOW64) AppleWebKit/537.36 (KHTML, like Gecko) Chrome/48.0.2564.109 Safari/537.36"
::1 - - [Thu, 18 Feb 2016 07:42:28 GMT] "GET /u/zhangsan/2016-2-18/%E6%B5%B7%E8%B4%BC%E7%8E%8B HTTP/1.1" 200 2551 "http://localhost:3000/tags/%E6%B5%B7%E8%B4%BC%E7%8E%8B" "Mozilla/5.0 (Windows NT 6.1; WOW64) AppleWebKit/537.36 (KHTML, like Gecko) Chrome/48.0.2564.109 Safari/537.36"
::1 - - [Thu, 18 Feb 2016 07:42:28 GMT] "GET /stylesheets/style.css HTTP/1.1" 304 - "http://localhost:3000/u/zhangsan/2016-2-18/%E6%B5%B7%E8%B4%BC%E7%8E%8B" "Mozilla/5.0 (Windows NT 6.1; WOW64) AppleWebKit/537.36 (KHTML, like Gecko) Chrome/48.0.2564.109 Safari/537.36"
::1 - - [Thu, 18 Feb 2016 07:42:29 GMT] "GET /edit/zhangsan/2016-2-18/%E6%B5%B7%E8%B4%BC%E7%8E%8B HTTP/1.1" 304 - "http://localhost:3000/u/zhangsan/2016-2-18/%E6%B5%B7%E8%B4%BC%E7%8E%8B" "Mozilla/5.0 (Windows NT 6.1; WOW64) AppleWebKit/537.36 (KHTML, like Gecko) Chrome/48.0.2564.109 Safari/537.36"
::1 - - [Thu, 18 Feb 2016 07:42:29 GMT] "GET /stylesheets/style.css HTTP/1.1" 304 - "http://localhost:3000/edit/zhangsan/2016-2-18/%E6%B5%B7%E8%B4%BC%E7%8E%8B" "Mozilla/5.0 (Windows NT 6.1; WOW64) AppleWebKit/537.36 (KHTML, like Gecko) Chrome/48.0.2564.109 Safari/537.36"
::1 - - [Thu, 18 Feb 2016 07:42:59 GMT] "POST /edit/zhangsan/2016-2-18/%E6%B5%B7%E8%B4%BC%E7%8E%8B HTTP/1.1" 302 142 "http://localhost:3000/edit/zhangsan/2016-2-18/%E6%B5%B7%E8%B4%BC%E7%8E%8B" "Mozilla/5.0 (Windows NT 6.1; WOW64) AppleWebKit/537.36 (KHTML, like Gecko) Chrome/48.0.2564.109 Safari/537.36"
::1 - - [Thu, 18 Feb 2016 07:42:59 GMT] "GET /u/zhangsan/2016-2-18/%E6%B5%B7%E8%B4%BC%E7%8E%8B HTTP/1.1" 200 2617 "http://localhost:3000/edit/zhangsan/2016-2-18/%E6%B5%B7%E8%B4%BC%E7%8E%8B" "Mozilla/5.0 (Windows NT 6.1; WOW64) AppleWebKit/537.36 (KHTML, like Gecko) Chrome/48.0.2564.109 Safari/537.36"
::1 - - [Thu, 18 Feb 2016 07:42:59 GMT] "GET /stylesheets/style.css HTTP/1.1" 304 - "http://localhost:3000/u/zhangsan/2016-2-18/%E6%B5%B7%E8%B4%BC%E7%8E%8B" "Mozilla/5.0 (Windows NT 6.1; WOW64) AppleWebKit/537.36 (KHTML, like Gecko) Chrome/48.0.2564.109 Safari/537.36"
::1 - - [Thu, 18 Feb 2016 07:42:59 GMT] "GET /images/lufei.jpg HTTP/1.1" 200 43771 "http://localhost:3000/u/zhangsan/2016-2-18/%E6%B5%B7%E8%B4%BC%E7%8E%8B" "Mozilla/5.0 (Windows NT 6.1; WOW64) AppleWebKit/537.36 (KHTML, like Gecko) Chrome/48.0.2564.109 Safari/537.36"
::1 - - [Thu, 18 Feb 2016 07:43:03 GMT] "GET / HTTP/1.1" 200 3629 "http://localhost:3000/u/zhangsan/2016-2-18/%E6%B5%B7%E8%B4%BC%E7%8E%8B" "Mozilla/5.0 (Windows NT 6.1; WOW64) AppleWebKit/537.36 (KHTML, like Gecko) Chrome/48.0.2564.109 Safari/537.36"
::1 - - [Thu, 18 Feb 2016 07:43:03 GMT] "GET /stylesheets/style.css HTTP/1.1" 304 - "http://localhost:3000/" "Mozilla/5.0 (Windows NT 6.1; WOW64) AppleWebKit/537.36 (KHTML, like Gecko) Chrome/48.0.2564.109 Safari/537.36"
::1 - - [Thu, 18 Feb 2016 07:43:03 GMT] "GET /images/kuiba.jpg HTTP/1.1" 304 - "http://localhost:3000/" "Mozilla/5.0 (Windows NT 6.1; WOW64) AppleWebKit/537.36 (KHTML, like Gecko) Chrome/48.0.2564.109 Safari/537.36"
::1 - - [Thu, 18 Feb 2016 07:43:03 GMT] "GET /images/lufei.jpg HTTP/1.1" 304 - "http://localhost:3000/" "Mozilla/5.0 (Windows NT 6.1; WOW64) AppleWebKit/537.36 (KHTML, like Gecko) Chrome/48.0.2564.109 Safari/537.36"
::1 - - [Thu, 18 Feb 2016 07:43:21 GMT] "GET /logout HTTP/1.1" 302 46 "http://localhost:3000/" "Mozilla/5.0 (Windows NT 6.1; WOW64) AppleWebKit/537.36 (KHTML, like Gecko) Chrome/48.0.2564.109 Safari/537.36"
::1 - - [Thu, 18 Feb 2016 07:43:21 GMT] "GET / HTTP/1.1" 200 3599 "http://localhost:3000/" "Mozilla/5.0 (Windows NT 6.1; WOW64) AppleWebKit/537.36 (KHTML, like Gecko) Chrome/48.0.2564.109 Safari/537.36"
::1 - - [Thu, 18 Feb 2016 07:43:21 GMT] "GET /stylesheets/style.css HTTP/1.1" 304 - "http://localhost:3000/" "Mozilla/5.0 (Windows NT 6.1; WOW64) AppleWebKit/537.36 (KHTML, like Gecko) Chrome/48.0.2564.109 Safari/537.36"
::1 - - [Thu, 18 Feb 2016 07:43:21 GMT] "GET /images/kuiba.jpg HTTP/1.1" 304 - "http://localhost:3000/" "Mozilla/5.0 (Windows NT 6.1; WOW64) AppleWebKit/537.36 (KHTML, like Gecko) Chrome/48.0.2564.109 Safari/537.36"
::1 - - [Thu, 18 Feb 2016 07:43:21 GMT] "GET /images/lufei.jpg HTTP/1.1" 304 - "http://localhost:3000/" "Mozilla/5.0 (Windows NT 6.1; WOW64) AppleWebKit/537.36 (KHTML, like Gecko) Chrome/48.0.2564.109 Safari/537.36"
::1 - - [Thu, 18 Feb 2016 07:43:24 GMT] "GET / HTTP/1.1" 200 3571 "-" "Mozilla/5.0 (Windows NT 6.1; WOW64) AppleWebKit/537.36 (KHTML, like Gecko) Chrome/48.0.2564.109 Safari/537.36"
::1 - - [Thu, 18 Feb 2016 07:43:24 GMT] "GET /stylesheets/style.css HTTP/1.1" 304 - "http://localhost:3000/" "Mozilla/5.0 (Windows NT 6.1; WOW64) AppleWebKit/537.36 (KHTML, like Gecko) Chrome/48.0.2564.109 Safari/537.36"
::1 - - [Thu, 18 Feb 2016 07:43:24 GMT] "GET /images/kuiba.jpg HTTP/1.1" 304 - "http://localhost:3000/" "Mozilla/5.0 (Windows NT 6.1; WOW64) AppleWebKit/537.36 (KHTML, like Gecko) Chrome/48.0.2564.109 Safari/537.36"
::1 - - [Thu, 18 Feb 2016 07:43:24 GMT] "GET /images/lufei.jpg HTTP/1.1" 304 - "http://localhost:3000/" "Mozilla/5.0 (Windows NT 6.1; WOW64) AppleWebKit/537.36 (KHTML, like Gecko) Chrome/48.0.2564.109 Safari/537.36"
::1 - - [Thu, 18 Feb 2016 07:43:47 GMT] "GET /u/zhangsan HTTP/1.1" 200 3593 "http://localhost:3000/" "Mozilla/5.0 (Windows NT 6.1; WOW64) AppleWebKit/537.36 (KHTML, like Gecko) Chrome/48.0.2564.109 Safari/537.36"
::1 - - [Thu, 18 Feb 2016 07:43:47 GMT] "GET /stylesheets/style.css HTTP/1.1" 304 - "http://localhost:3000/u/zhangsan" "Mozilla/5.0 (Windows NT 6.1; WOW64) AppleWebKit/537.36 (KHTML, like Gecko) Chrome/48.0.2564.109 Safari/537.36"
::1 - - [Thu, 18 Feb 2016 07:43:47 GMT] "GET /images/kuiba.jpg HTTP/1.1" 304 - "http://localhost:3000/u/zhangsan" "Mozilla/5.0 (Windows NT 6.1; WOW64) AppleWebKit/537.36 (KHTML, like Gecko) Chrome/48.0.2564.109 Safari/537.36"
::1 - - [Thu, 18 Feb 2016 07:43:47 GMT] "GET /images/lufei.jpg HTTP/1.1" 304 - "http://localhost:3000/u/zhangsan" "Mozilla/5.0 (Windows NT 6.1; WOW64) AppleWebKit/537.36 (KHTML, like Gecko) Chrome/48.0.2564.109 Safari/537.36"
::1 - - [Thu, 18 Feb 2016 07:43:52 GMT] "GET /u/zhangsan HTTP/1.1" 304 - "http://localhost:3000/u/zhangsan" "Mozilla/5.0 (Windows NT 6.1; WOW64) AppleWebKit/537.36 (KHTML, like Gecko) Chrome/48.0.2564.109 Safari/537.36"
::1 - - [Thu, 18 Feb 2016 07:43:52 GMT] "GET /stylesheets/style.css HTTP/1.1" 304 - "http://localhost:3000/u/zhangsan" "Mozilla/5.0 (Windows NT 6.1; WOW64) AppleWebKit/537.36 (KHTML, like Gecko) Chrome/48.0.2564.109 Safari/537.36"
::1 - - [Thu, 18 Feb 2016 07:43:52 GMT] "GET /images/kuiba.jpg HTTP/1.1" 304 - "http://localhost:3000/u/zhangsan" "Mozilla/5.0 (Windows NT 6.1; WOW64) AppleWebKit/537.36 (KHTML, like Gecko) Chrome/48.0.2564.109 Safari/537.36"
::1 - - [Thu, 18 Feb 2016 07:43:52 GMT] "GET /images/lufei.jpg HTTP/1.1" 304 - "http://localhost:3000/u/zhangsan" "Mozilla/5.0 (Windows NT 6.1; WOW64) AppleWebKit/537.36 (KHTML, like Gecko) Chrome/48.0.2564.109 Safari/537.36"
::1 - - [Thu, 18 Feb 2016 07:43:57 GMT] "GET /login HTTP/1.1" 200 892 "http://localhost:3000/u/zhangsan" "Mozilla/5.0 (Windows NT 6.1; WOW64) AppleWebKit/537.36 (KHTML, like Gecko) Chrome/48.0.2564.109 Safari/537.36"
::1 - - [Thu, 18 Feb 2016 07:43:57 GMT] "GET /stylesheets/style.css HTTP/1.1" 304 - "http://localhost:3000/login" "Mozilla/5.0 (Windows NT 6.1; WOW64) AppleWebKit/537.36 (KHTML, like Gecko) Chrome/48.0.2564.109 Safari/537.36"
::1 - - [Thu, 18 Feb 2016 07:43:58 GMT] "GET /reg HTTP/1.1" 304 - "http://localhost:3000/login" "Mozilla/5.0 (Windows NT 6.1; WOW64) AppleWebKit/537.36 (KHTML, like Gecko) Chrome/48.0.2564.109 Safari/537.36"
::1 - - [Thu, 18 Feb 2016 07:43:59 GMT] "GET /stylesheets/style.css HTTP/1.1" 304 - "http://localhost:3000/reg" "Mozilla/5.0 (Windows NT 6.1; WOW64) AppleWebKit/537.36 (KHTML, like Gecko) Chrome/48.0.2564.109 Safari/537.36"
::1 - - [Thu, 18 Feb 2016 07:44:20 GMT] "POST /reg HTTP/1.1" 302 46 "http://localhost:3000/reg" "Mozilla/5.0 (Windows NT 6.1; WOW64) AppleWebKit/537.36 (KHTML, like Gecko) Chrome/48.0.2564.109 Safari/537.36"
::1 - - [Thu, 18 Feb 2016 07:44:20 GMT] "GET / HTTP/1.1" 200 3657 "http://localhost:3000/reg" "Mozilla/5.0 (Windows NT 6.1; WOW64) AppleWebKit/537.36 (KHTML, like Gecko) Chrome/48.0.2564.109 Safari/537.36"
::1 - - [Thu, 18 Feb 2016 07:44:20 GMT] "GET /stylesheets/style.css HTTP/1.1" 304 - "http://localhost:3000/" "Mozilla/5.0 (Windows NT 6.1; WOW64) AppleWebKit/537.36 (KHTML, like Gecko) Chrome/48.0.2564.109 Safari/537.36"
::1 - - [Thu, 18 Feb 2016 07:44:20 GMT] "GET /images/kuiba.jpg HTTP/1.1" 304 - "http://localhost:3000/" "Mozilla/5.0 (Windows NT 6.1; WOW64) AppleWebKit/537.36 (KHTML, like Gecko) Chrome/48.0.2564.109 Safari/537.36"
::1 - - [Thu, 18 Feb 2016 07:44:20 GMT] "GET /images/lufei.jpg HTTP/1.1" 304 - "http://localhost:3000/" "Mozilla/5.0 (Windows NT 6.1; WOW64) AppleWebKit/537.36 (KHTML, like Gecko) Chrome/48.0.2564.109 Safari/537.36"
::1 - - [Thu, 18 Feb 2016 07:44:36 GMT] "GET /archive HTTP/1.1" 200 1023 "http://localhost:3000/" "Mozilla/5.0 (Windows NT 6.1; WOW64) AppleWebKit/537.36 (KHTML, like Gecko) Chrome/48.0.2564.109 Safari/537.36"
::1 - - [Thu, 18 Feb 2016 07:44:36 GMT] "GET /stylesheets/style.css HTTP/1.1" 304 - "http://localhost:3000/archive" "Mozilla/5.0 (Windows NT 6.1; WOW64) AppleWebKit/537.36 (KHTML, like Gecko) Chrome/48.0.2564.109 Safari/537.36"
::1 - - [Thu, 18 Feb 2016 07:44:38 GMT] "GET /u/zhangsan/2016-2-18/%E9%AD%81%E6%8B%94 HTTP/1.1" 200 2331 "http://localhost:3000/archive" "Mozilla/5.0 (Windows NT 6.1; WOW64) AppleWebKit/537.36 (KHTML, like Gecko) Chrome/48.0.2564.109 Safari/537.36"
::1 - - [Thu, 18 Feb 2016 07:44:38 GMT] "GET /stylesheets/style.css HTTP/1.1" 304 - "http://localhost:3000/u/zhangsan/2016-2-18/%E9%AD%81%E6%8B%94" "Mozilla/5.0 (Windows NT 6.1; WOW64) AppleWebKit/537.36 (KHTML, like Gecko) Chrome/48.0.2564.109 Safari/537.36"
::1 - - [Thu, 18 Feb 2016 07:44:38 GMT] "GET /images/kuiba.jpg HTTP/1.1" 304 - "http://localhost:3000/u/zhangsan/2016-2-18/%E9%AD%81%E6%8B%94" "Mozilla/5.0 (Windows NT 6.1; WOW64) AppleWebKit/537.36 (KHTML, like Gecko) Chrome/48.0.2564.109 Safari/537.36"
::1 - - [Thu, 18 Feb 2016 08:18:08 GMT] "GET / HTTP/1.1" 200 3629 "-" "Mozilla/5.0 (Windows NT 6.1; WOW64) AppleWebKit/537.36 (KHTML, like Gecko) Chrome/48.0.2564.109 Safari/537.36"
::1 - - [Thu, 18 Feb 2016 08:18:08 GMT] "GET /images/kuiba.jpg HTTP/1.1" - - "http://localhost:8000/" "Mozilla/5.0 (Windows NT 6.1; WOW64) AppleWebKit/537.36 (KHTML, like Gecko) Chrome/48.0.2564.109 Safari/537.36"
::1 - - [Thu, 18 Feb 2016 08:18:08 GMT] "GET /stylesheets/style.css HTTP/1.1" 200 1816 "http://localhost:8000/" "Mozilla/5.0 (Windows NT 6.1; WOW64) AppleWebKit/537.36 (KHTML, like Gecko) Chrome/48.0.2564.109 Safari/537.36"
::1 - - [Thu, 18 Feb 2016 08:18:08 GMT] "GET /images/lufei.jpg HTTP/1.1" 200 43771 "http://localhost:8000/" "Mozilla/5.0 (Windows NT 6.1; WOW64) AppleWebKit/537.36 (KHTML, like Gecko) Chrome/48.0.2564.109 Safari/537.36"
::1 - - [Thu, 18 Feb 2016 08:44:59 GMT] "GET / HTTP/1.1" 200 3629 "-" "Mozilla/5.0 (Windows NT 6.1; WOW64) AppleWebKit/537.36 (KHTML, like Gecko) Chrome/48.0.2564.109 Safari/537.36"
::1 - - [Thu, 18 Feb 2016 08:44:59 GMT] "GET /stylesheets/style.css HTTP/1.1" 200 1816 "http://localhost:8000/" "Mozilla/5.0 (Windows NT 6.1; WOW64) AppleWebKit/537.36 (KHTML, like Gecko) Chrome/48.0.2564.109 Safari/537.36"
::1 - - [Thu, 18 Feb 2016 08:44:59 GMT] "GET /images/kuiba.jpg HTTP/1.1" 200 12188 "http://localhost:8000/" "Mozilla/5.0 (Windows NT 6.1; WOW64) AppleWebKit/537.36 (KHTML, like Gecko) Chrome/48.0.2564.109 Safari/537.36"
::1 - - [Thu, 18 Feb 2016 08:44:59 GMT] "GET /images/lufei.jpg HTTP/1.1" 200 43771 "http://localhost:8000/" "Mozilla/5.0 (Windows NT 6.1; WOW64) AppleWebKit/537.36 (KHTML, like Gecko) Chrome/48.0.2564.109 Safari/537.36"
::1 - - [Thu, 18 Feb 2016 08:45:08 GMT] "GET / HTTP/1.1" 304 - "-" "Mozilla/5.0 (Windows NT 6.1; WOW64) AppleWebKit/537.36 (KHTML, like Gecko) Chrome/48.0.2564.109 Safari/537.36"
::1 - - [Thu, 18 Feb 2016 08:45:08 GMT] "GET /stylesheets/style.css HTTP/1.1" 304 - "http://localhost:8000/" "Mozilla/5.0 (Windows NT 6.1; WOW64) AppleWebKit/537.36 (KHTML, like Gecko) Chrome/48.0.2564.109 Safari/537.36"
::1 - - [Thu, 18 Feb 2016 08:45:08 GMT] "GET /images/kuiba.jpg HTTP/1.1" 304 - "http://localhost:8000/" "Mozilla/5.0 (Windows NT 6.1; WOW64) AppleWebKit/537.36 (KHTML, like Gecko) Chrome/48.0.2564.109 Safari/537.36"
::1 - - [Thu, 18 Feb 2016 08:45:08 GMT] "GET /images/lufei.jpg HTTP/1.1" 304 - "http://localhost:8000/" "Mozilla/5.0 (Windows NT 6.1; WOW64) AppleWebKit/537.36 (KHTML, like Gecko) Chrome/48.0.2564.109 Safari/537.36"
::1 - - [Thu, 18 Feb 2016 08:45:11 GMT] "GET / HTTP/1.1" 304 - "-" "Mozilla/5.0 (Windows NT 6.1; WOW64) AppleWebKit/537.36 (KHTML, like Gecko) Chrome/48.0.2564.109 Safari/537.36"
::1 - - [Thu, 18 Feb 2016 08:45:11 GMT] "GET /stylesheets/style.css HTTP/1.1" 304 - "http://localhost:8000/" "Mozilla/5.0 (Windows NT 6.1; WOW64) AppleWebKit/537.36 (KHTML, like Gecko) Chrome/48.0.2564.109 Safari/537.36"
::1 - - [Thu, 18 Feb 2016 08:45:11 GMT] "GET /images/kuiba.jpg HTTP/1.1" 304 - "http://localhost:8000/" "Mozilla/5.0 (Windows NT 6.1; WOW64) AppleWebKit/537.36 (KHTML, like Gecko) Chrome/48.0.2564.109 Safari/537.36"
::1 - - [Thu, 18 Feb 2016 08:45:11 GMT] "GET /images/lufei.jpg HTTP/1.1" 304 - "http://localhost:8000/" "Mozilla/5.0 (Windows NT 6.1; WOW64) AppleWebKit/537.36 (KHTML, like Gecko) Chrome/48.0.2564.109 Safari/537.36"
