0 info it worked if it ends with ok
1 verbose cli [ 'D:\\node.js\\node.exe',
1 verbose cli   'D:\\node.js\\node_modules\\npm\\bin\\npm-cli.js',
1 verbose cli   'publish' ]
2 info using npm@3.3.12
3 info using node@v5.4.1
4 verbose publish [ '.' ]
5 silly cache add args [ '.', null ]
6 verbose cache add spec .
7 silly cache add parsed spec Result {
7 silly cache add   raw: '.',
7 silly cache add   scope: null,
7 silly cache add   name: null,
7 silly cache add   rawSpec: '.',
7 silly cache add   spec: 'E:\\GitHub\\hlowrd',
7 silly cache add   type: 'directory' }
8 verbose addLocalDirectory C:\Users\Administrator\AppData\Roaming\npm-cache\hlowrd\0.0.0\package.tgz not in flight; packing
9 info lifecycle hlowrd@0.0.0~prepublish: hlowrd@0.0.0
10 silly lifecycle hlowrd@0.0.0~prepublish: no script for prepublish, continuing
11 verbose tar pack [ 'C:\\Users\\Administrator\\AppData\\Roaming\\npm-cache\\hlowrd\\0.0.0\\package.tgz',
11 verbose tar pack   'E:\\GitHub\\hlowrd' ]
12 verbose tarball C:\Users\Administrator\AppData\Roaming\npm-cache\hlowrd\0.0.0\package.tgz
13 verbose folder E:\GitHub\hlowrd
14 verbose addLocalTarball adding from inside cache C:\Users\Administrator\AppData\Roaming\npm-cache\hlowrd\0.0.0\package.tgz
15 silly cache afterAdd hlowrd@0.0.0
16 verbose afterAdd C:\Users\Administrator\AppData\Roaming\npm-cache\hlowrd\0.0.0\package\package.json not in flight; writing
17 verbose afterAdd C:\Users\Administrator\AppData\Roaming\npm-cache\hlowrd\0.0.0\package\package.json written
18 silly publish { name: 'hlowrd',
18 silly publish   version: '0.0.0',
18 silly publish   private: true,
18 silly publish   scripts: { start: 'node ./bin/www' },
18 silly publish   dependencies:
18 silly publish    { 'body-parser': '~1.13.2',
18 silly publish      'cookie-parser': '~1.3.5',
18 silly publish      debug: '~2.2.0',
18 silly publish      ejs: '~2.3.3',
18 silly publish      express: '~4.13.1',
18 silly publish      morgan: '~1.6.1',
18 silly publish      'serve-favicon': '~2.3.0',
18 silly publish      'static-favicon': 'latest',
18 silly publish      'express-session': 'latest',
18 silly publish      formidable: 'latest',
18 silly publish      mysql: 'latest',
18 silly publish      grunt: 'latest',
18 silly publish      'grunt-contrib-uglify': 'latest' },
18 silly publish   devDependencies: { 'grunt-ts': '^5.3.2' },
18 silly publish   readme: '# hlowrd',
18 silly publish   readmeFilename: 'README.md',
18 silly publish   gitHead: '4257bf229d94bfa23727e5ef5dd8b328281b06e1',
18 silly publish   description: '',
18 silly publish   _id: 'hlowrd@0.0.0',
18 silly publish   _shasum: '2962e994639ed8f04e0545ad5234e4d347d3b83c',
18 silly publish   _from: '.' }
19 verbose getPublishConfig undefined
20 verbose stack Error: This package has been marked as private
20 verbose stack Remove the 'private' field from the package.json to publish it.
20 verbose stack     at publish_ (D:\node.js\node_modules\npm\lib\publish.js:100:15)
20 verbose stack     at Array.<anonymous> (D:\node.js\node_modules\npm\node_modules\slide\lib\bind-actor.js:15:8)
20 verbose stack     at LOOP (D:\node.js\node_modules\npm\node_modules\slide\lib\chain.js:15:14)
20 verbose stack     at LOOP (D:\node.js\node_modules\npm\node_modules\slide\lib\chain.js:14:28)
20 verbose stack     at chain (D:\node.js\node_modules\npm\node_modules\slide\lib\chain.js:20:5)
20 verbose stack     at D:\node.js\node_modules\npm\lib\publish.js:72:5
20 verbose stack     at RES (D:\node.js\node_modules\npm\node_modules\inflight\inflight.js:23:14)
20 verbose stack     at f (D:\node.js\node_modules\npm\node_modules\once\once.js:17:25)
20 verbose stack     at D:\node.js\node_modules\npm\lib\cache.js:361:16
20 verbose stack     at D:\node.js\node_modules\npm\node_modules\write-file-atomic\index.js:29:15
21 verbose cwd E:\GitHub\hlowrd
22 error Windows_NT 6.1.7601
23 error argv "D:\\node.js\\node.exe" "D:\\node.js\\node_modules\\npm\\bin\\npm-cli.js" "publish"
24 error node v5.4.1
25 error npm  v3.3.12
26 error This package has been marked as private
26 error Remove the 'private' field from the package.json to publish it.
27 error If you need help, you may report this error at:
27 error     <https://github.com/npm/npm/issues>
28 verbose exit [ 1, true ]
